<?xml version="1.0" encoding="UTF-8"?>
<!-- Generated by org.testng.reporters.JUnitReportReporter -->
<testsuite skipped="0" hostname="DESKTOP-AV8S3P8" name="com.atmecs.konakart.tests.HomePage" tests="1" failures="0" timestamp="2020-04-08T11:25:07 IST" time="65.794" errors="0">
  <testcase name="searchProduct" time="65.794" classname="com.atmecs.konakart.tests.HomePage"/>
  <system-out/>
</testsuite> <!-- com.atmecs.konakart.tests.HomePage -->
